app/build/intermediates/manifest_merge_blame_file/debug/processDebugMainManifest/manifest-merger-blame-debug-report.txt
1<?xml version="1.0" encoding="utf-8"?>
2<manifest xmlns:android="http://schemas.android.com/apk/res/android"
3    package="com.ais.cafeteria.pos"
4    android:versionCode="1"
5    android:versionName="1.0" >
6
7    <uses-sdk
8        android:minSdkVersion="26"
9        android:targetSdkVersion="34" />
10
11    <uses-permission android:name="android.permission.INTERNET" />
11-->src\main\AndroidManifest.xml:4:5-67
11-->src\main\AndroidManifest.xml:4:22-64
12    <uses-permission android:name="android.permission.CALL_PHONE" />
12-->src\main\AndroidManifest.xml:5:5-69
12-->src\main\AndroidManifest.xml:5:22-66
13    <uses-permission android:name="android.permission.SEND_SMS" />
13-->src\main\AndroidManifest.xml:6:5-67
13-->src\main\AndroidManifest.xml:6:22-64
14    <uses-permission android:name="android.permission.ACCESS_FINE_LOCATION" />
14-->src\main\AndroidManifest.xml:7:5-79
14-->src\main\AndroidManifest.xml:7:22-76
15    <uses-permission android:name="android.permission.ACCESS_COARSE_LOCATION" />
15-->src\main\AndroidManifest.xml:8:5-81
15-->src\main\AndroidManifest.xml:8:22-78
16
17    <!-- Include required permissions for Google Maps API to run. -->
18    <uses-permission android:name="android.permission.ACCESS_NETWORK_STATE" />
18-->[com.google.android.gms:play-services-maps:18.2.0] AndroidManifest.xml:23:5-79
18-->[com.google.android.gms:play-services-maps:18.2.0] AndroidManifest.xml:23:22-76
19
20    <uses-feature
20-->[com.google.android.gms:play-services-maps:18.2.0] AndroidManifest.xml:26:5-28:35
21        android:glEsVersion="0x00020000"
21-->[com.google.android.gms:play-services-maps:18.2.0] AndroidManifest.xml:27:9-41
22        android:required="true" />
22-->[com.google.android.gms:play-services-maps:18.2.0] AndroidManifest.xml:28:9-32
23
24    <queries>
24-->[com.google.android.gms:play-services-maps:18.2.0] AndroidManifest.xml:30:5-34:15
25
26        <!-- Needs to be explicitly declared on Android R+ -->
27        <package android:name="com.google.android.apps.maps" />
27-->[com.google.android.gms:play-services-maps:18.2.0] AndroidManifest.xml:33:9-64
27-->[com.google.android.gms:play-services-maps:18.2.0] AndroidManifest.xml:33:18-61
28    </queries>
29
30    <permission
30-->[androidx.core:core:1.12.0] AndroidManifest.xml:22:5-24:47
31        android:name="com.ais.cafeteria.pos.DYNAMIC_RECEIVER_NOT_EXPORTED_PERMISSION"
31-->[androidx.core:core:1.12.0] AndroidManifest.xml:23:9-81
32        android:protectionLevel="signature" />
32-->[androidx.core:core:1.12.0] AndroidManifest.xml:24:9-44
33
34    <uses-permission android:name="com.ais.cafeteria.pos.DYNAMIC_RECEIVER_NOT_EXPORTED_PERMISSION" />
34-->[androidx.core:core:1.12.0] AndroidManifest.xml:26:5-97
34-->[androidx.core:core:1.12.0] AndroidManifest.xml:26:22-94
35
36    <application
36-->src\main\AndroidManifest.xml:10:5-92:19
37        android:name="com.ais.cafeteria.pos.CafeteriaApplication"
37-->src\main\AndroidManifest.xml:11:9-45
38        android:allowBackup="true"
38-->src\main\AndroidManifest.xml:12:9-35
39        android:appComponentFactory="androidx.core.app.CoreComponentFactory"
39-->[androidx.core:core:1.12.0] AndroidManifest.xml:28:18-86
40        android:debuggable="true"
41        android:extractNativeLibs="false"
42        android:icon="@mipmap/ic_launcher"
42-->src\main\AndroidManifest.xml:13:9-43
43        android:label="@string/app_name"
43-->src\main\AndroidManifest.xml:14:9-41
44        android:roundIcon="@mipmap/ic_launcher_round"
44-->src\main\AndroidManifest.xml:15:9-54
45        android:supportsRtl="true"
45-->src\main\AndroidManifest.xml:16:9-35
46        android:testOnly="true"
47        android:theme="@style/Theme.AISCafeteria"
47-->src\main\AndroidManifest.xml:18:9-50
48        android:usesCleartextTraffic="true" >
48-->src\main\AndroidManifest.xml:17:9-44
49
50        <!-- Splash Screen -->
51        <activity
51-->src\main\AndroidManifest.xml:21:9-29:20
52            android:name="com.ais.cafeteria.pos.activities.SplashActivity"
52-->src\main\AndroidManifest.xml:22:13-54
53            android:exported="true"
53-->src\main\AndroidManifest.xml:23:13-36
54            android:theme="@style/Theme.AISCafeteria.Splash" >
54-->src\main\AndroidManifest.xml:24:13-61
55            <intent-filter>
55-->src\main\AndroidManifest.xml:25:13-28:29
56                <action android:name="android.intent.action.MAIN" />
56-->src\main\AndroidManifest.xml:26:17-69
56-->src\main\AndroidManifest.xml:26:25-66
57
58                <category android:name="android.intent.category.LAUNCHER" />
58-->src\main\AndroidManifest.xml:27:17-77
58-->src\main\AndroidManifest.xml:27:27-74
59            </intent-filter>
60        </activity>
61
62        <!-- Login Activity -->
63        <activity
63-->src\main\AndroidManifest.xml:32:9-34:40
64            android:name="com.ais.cafeteria.pos.activities.LoginActivity"
64-->src\main\AndroidManifest.xml:33:13-53
65            android:exported="false" />
65-->src\main\AndroidManifest.xml:34:13-37
66
67        <!-- Main / Dashboard Activity -->
68        <activity
68-->src\main\AndroidManifest.xml:37:9-39:40
69            android:name="com.ais.cafeteria.pos.activities.MainActivity"
69-->src\main\AndroidManifest.xml:38:13-52
70            android:exported="false" />
70-->src\main\AndroidManifest.xml:39:13-37
71
72        <!-- Menu Activity -->
73        <activity
73-->src\main\AndroidManifest.xml:42:9-44:40
74            android:name="com.ais.cafeteria.pos.activities.MenuActivity"
74-->src\main\AndroidManifest.xml:43:13-52
75            android:exported="false" />
75-->src\main\AndroidManifest.xml:44:13-37
76        <activity android:name="com.ais.cafeteria.pos.activities.FindUsActivity" />
76-->src\main\AndroidManifest.xml:46:9-63
76-->src\main\AndroidManifest.xml:46:19-60
77
78        <!-- Cart Activity -->
79        <activity
79-->src\main\AndroidManifest.xml:49:9-51:40
80            android:name="com.ais.cafeteria.pos.activities.CartActivity"
80-->src\main\AndroidManifest.xml:50:13-52
81            android:exported="false" />
81-->src\main\AndroidManifest.xml:51:13-37
82
83        <!-- Payment Activity -->
84        <activity
84-->src\main\AndroidManifest.xml:54:9-56:40
85            android:name="com.ais.cafeteria.pos.activities.PaymentActivity"
85-->src\main\AndroidManifest.xml:55:13-55
86            android:exported="false" />
86-->src\main\AndroidManifest.xml:56:13-37
87
88        <!-- Receipt Activity -->
89        <activity
89-->src\main\AndroidManifest.xml:59:9-61:40
90            android:name="com.ais.cafeteria.pos.activities.ReceiptActivity"
90-->src\main\AndroidManifest.xml:60:13-55
91            android:exported="false" />
91-->src\main\AndroidManifest.xml:61:13-37
92
93        <!-- Order History Activity -->
94        <activity
94-->src\main\AndroidManifest.xml:64:9-66:40
95            android:name="com.ais.cafeteria.pos.activities.OrderHistoryActivity"
95-->src\main\AndroidManifest.xml:65:13-60
96            android:exported="false" />
96-->src\main\AndroidManifest.xml:66:13-37
97
98        <!-- Gallery Activity -->
99        <activity
99-->src\main\AndroidManifest.xml:69:9-71:40
100            android:name="com.ais.cafeteria.pos.activities.GalleryActivity"
100-->src\main\AndroidManifest.xml:70:13-55
101            android:exported="false" />
101-->src\main\AndroidManifest.xml:71:13-37
102
103        <!-- Contact/About Activity -->
104        <activity
104-->src\main\AndroidManifest.xml:74:9-76:40
105            android:name="com.ais.cafeteria.pos.activities.ContactActivity"
105-->src\main\AndroidManifest.xml:75:13-55
106            android:exported="false" />
106-->src\main\AndroidManifest.xml:76:13-37
107        <activity
107-->src\main\AndroidManifest.xml:78:9-80:40
108            android:name="com.ais.cafeteria.pos.activities.NewsFeedActivity"
108-->src\main\AndroidManifest.xml:79:13-56
109            android:exported="false" />
109-->src\main\AndroidManifest.xml:80:13-37
110
111        <!-- Google Maps API Key -->
112        <meta-data
112-->src\main\AndroidManifest.xml:83:9-85:71
113            android:name="com.google.android.geo.API_KEY"
113-->src\main\AndroidManifest.xml:84:13-58
114            android:value="AIzaSyDss-QkynmkqqCKH7pz3D6g8Py_7OLVuU0" />
114-->src\main\AndroidManifest.xml:85:13-68
115
116        <!-- Edit Menu Item Activity -->
117        <activity
117-->src\main\AndroidManifest.xml:88:9-90:40
118            android:name="com.ais.cafeteria.pos.activities.EditMenuItemActivity"
118-->src\main\AndroidManifest.xml:89:13-60
119            android:exported="false" />
119-->src\main\AndroidManifest.xml:90:13-37
120
121        <!-- Needs to be explicitly declared on P+ -->
122        <uses-library
122-->[com.google.android.gms:play-services-maps:18.2.0] AndroidManifest.xml:39:9-41:40
123            android:name="org.apache.http.legacy"
123-->[com.google.android.gms:play-services-maps:18.2.0] AndroidManifest.xml:40:13-50
124            android:required="false" />
124-->[com.google.android.gms:play-services-maps:18.2.0] AndroidManifest.xml:41:13-37
125
126        <provider
126-->[androidx.emoji2:emoji2:1.2.0] AndroidManifest.xml:24:9-32:20
127            android:name="androidx.startup.InitializationProvider"
127-->[androidx.emoji2:emoji2:1.2.0] AndroidManifest.xml:25:13-67
128            android:authorities="com.ais.cafeteria.pos.androidx-startup"
128-->[androidx.emoji2:emoji2:1.2.0] AndroidManifest.xml:26:13-68
129            android:exported="false" >
129-->[androidx.emoji2:emoji2:1.2.0] AndroidManifest.xml:27:13-37
130            <meta-data
130-->[androidx.emoji2:emoji2:1.2.0] AndroidManifest.xml:29:13-31:52
131                android:name="androidx.emoji2.text.EmojiCompatInitializer"
131-->[androidx.emoji2:emoji2:1.2.0] AndroidManifest.xml:30:17-75
132                android:value="androidx.startup" />
132-->[androidx.emoji2:emoji2:1.2.0] AndroidManifest.xml:31:17-49
133            <meta-data
133-->[androidx.lifecycle:lifecycle-process:2.6.1] AndroidManifest.xml:29:13-31:52
134                android:name="androidx.lifecycle.ProcessLifecycleInitializer"
134-->[androidx.lifecycle:lifecycle-process:2.6.1] AndroidManifest.xml:30:17-78
135                android:value="androidx.startup" />
135-->[androidx.lifecycle:lifecycle-process:2.6.1] AndroidManifest.xml:31:17-49
136            <meta-data
136-->[androidx.profileinstaller:profileinstaller:1.3.0] AndroidManifest.xml:29:13-31:52
137                android:name="androidx.profileinstaller.ProfileInstallerInitializer"
137-->[androidx.profileinstaller:profileinstaller:1.3.0] AndroidManifest.xml:30:17-85
138                android:value="androidx.startup" />
138-->[androidx.profileinstaller:profileinstaller:1.3.0] AndroidManifest.xml:31:17-49
139        </provider>
140
141        <service
141-->[com.google.firebase:firebase-database:20.3.0] AndroidManifest.xml:26:9-35:19
142            android:name="com.google.firebase.components.ComponentDiscoveryService"
142-->[com.google.firebase:firebase-database:20.3.0] AndroidManifest.xml:27:13-84
143            android:directBootAware="true"
143-->[com.google.firebase:firebase-common:20.4.2] AndroidManifest.xml:32:13-43
144            android:exported="false" >
144-->[com.google.firebase:firebase-database:20.3.0] AndroidManifest.xml:28:13-37
145            <meta-data
145-->[com.google.firebase:firebase-database:20.3.0] AndroidManifest.xml:29:13-31:85
146                android:name="com.google.firebase.components:com.google.firebase.database.FirebaseDatabaseKtxRegistrar"
146-->[com.google.firebase:firebase-database:20.3.0] AndroidManifest.xml:30:17-120
147                android:value="com.google.firebase.components.ComponentRegistrar" />
147-->[com.google.firebase:firebase-database:20.3.0] AndroidManifest.xml:31:17-82
148            <meta-data
148-->[com.google.firebase:firebase-database:20.3.0] AndroidManifest.xml:32:13-34:85
149                android:name="com.google.firebase.components:com.google.firebase.database.DatabaseRegistrar"
149-->[com.google.firebase:firebase-database:20.3.0] AndroidManifest.xml:33:17-109
150                android:value="com.google.firebase.components.ComponentRegistrar" />
150-->[com.google.firebase:firebase-database:20.3.0] AndroidManifest.xml:34:17-82
151            <meta-data
151-->[com.google.firebase:firebase-common-ktx:20.4.2] AndroidManifest.xml:12:13-14:85
152                android:name="com.google.firebase.components:com.google.firebase.ktx.FirebaseCommonLegacyRegistrar"
152-->[com.google.firebase:firebase-common-ktx:20.4.2] AndroidManifest.xml:13:17-116
153                android:value="com.google.firebase.components.ComponentRegistrar" />
153-->[com.google.firebase:firebase-common-ktx:20.4.2] AndroidManifest.xml:14:17-82
154            <meta-data
154-->[com.google.firebase:firebase-common:20.4.2] AndroidManifest.xml:35:13-37:85
155                android:name="com.google.firebase.components:com.google.firebase.FirebaseCommonKtxRegistrar"
155-->[com.google.firebase:firebase-common:20.4.2] AndroidManifest.xml:36:17-109
156                android:value="com.google.firebase.components.ComponentRegistrar" />
156-->[com.google.firebase:firebase-common:20.4.2] AndroidManifest.xml:37:17-82
157        </service>
158
159        <activity
159-->[com.google.android.gms:play-services-base:18.5.0] AndroidManifest.xml:5:9-173
160            android:name="com.google.android.gms.common.api.GoogleApiActivity"
160-->[com.google.android.gms:play-services-base:18.5.0] AndroidManifest.xml:5:19-85
161            android:exported="false"
161-->[com.google.android.gms:play-services-base:18.5.0] AndroidManifest.xml:5:146-170
162            android:theme="@android:style/Theme.Translucent.NoTitleBar" />
162-->[com.google.android.gms:play-services-base:18.5.0] AndroidManifest.xml:5:86-145
163
164        <provider
164-->[com.google.firebase:firebase-common:20.4.2] AndroidManifest.xml:23:9-28:39
165            android:name="com.google.firebase.provider.FirebaseInitProvider"
165-->[com.google.firebase:firebase-common:20.4.2] AndroidManifest.xml:24:13-77
166            android:authorities="com.ais.cafeteria.pos.firebaseinitprovider"
166-->[com.google.firebase:firebase-common:20.4.2] AndroidManifest.xml:25:13-72
167            android:directBootAware="true"
167-->[com.google.firebase:firebase-common:20.4.2] AndroidManifest.xml:26:13-43
168            android:exported="false"
168-->[com.google.firebase:firebase-common:20.4.2] AndroidManifest.xml:27:13-37
169            android:initOrder="100" />
169-->[com.google.firebase:firebase-common:20.4.2] AndroidManifest.xml:28:13-36
170
171        <meta-data
171-->[com.google.android.gms:play-services-basement:18.4.0] AndroidManifest.xml:6:9-122
172            android:name="com.google.android.gms.version"
172-->[com.google.android.gms:play-services-basement:18.4.0] AndroidManifest.xml:6:20-65
173            android:value="@integer/google_play_services_version" />
173-->[com.google.android.gms:play-services-basement:18.4.0] AndroidManifest.xml:6:66-119
174
175        <receiver
175-->[androidx.profileinstaller:profileinstaller:1.3.0] AndroidManifest.xml:34:9-52:20
176            android:name="androidx.profileinstaller.ProfileInstallReceiver"
176-->[androidx.profileinstaller:profileinstaller:1.3.0] AndroidManifest.xml:35:13-76
177            android:directBootAware="false"
177-->[androidx.profileinstaller:profileinstaller:1.3.0] AndroidManifest.xml:36:13-44
178            android:enabled="true"
178-->[androidx.profileinstaller:profileinstaller:1.3.0] AndroidManifest.xml:37:13-35
179            android:exported="true"
179-->[androidx.profileinstaller:profileinstaller:1.3.0] AndroidManifest.xml:38:13-36
180            android:permission="android.permission.DUMP" >
180-->[androidx.profileinstaller:profileinstaller:1.3.0] AndroidManifest.xml:39:13-57
181            <intent-filter>
181-->[androidx.profileinstaller:profileinstaller:1.3.0] AndroidManifest.xml:40:13-42:29
182                <action android:name="androidx.profileinstaller.action.INSTALL_PROFILE" />
182-->[androidx.profileinstaller:profileinstaller:1.3.0] AndroidManifest.xml:41:17-91
182-->[androidx.profileinstaller:profileinstaller:1.3.0] AndroidManifest.xml:41:25-88
183            </intent-filter>
184            <intent-filter>
184-->[androidx.profileinstaller:profileinstaller:1.3.0] AndroidManifest.xml:43:13-45:29
185                <action android:name="androidx.profileinstaller.action.SKIP_FILE" />
185-->[androidx.profileinstaller:profileinstaller:1.3.0] AndroidManifest.xml:44:17-85
185-->[androidx.profileinstaller:profileinstaller:1.3.0] AndroidManifest.xml:44:25-82
186            </intent-filter>
187            <intent-filter>
187-->[androidx.profileinstaller:profileinstaller:1.3.0] AndroidManifest.xml:46:13-48:29
188                <action android:name="androidx.profileinstaller.action.SAVE_PROFILE" />
188-->[androidx.profileinstaller:profileinstaller:1.3.0] AndroidManifest.xml:47:17-88
188-->[androidx.profileinstaller:profileinstaller:1.3.0] AndroidManifest.xml:47:25-85
189            </intent-filter>
190            <intent-filter>
190-->[androidx.profileinstaller:profileinstaller:1.3.0] AndroidManifest.xml:49:13-51:29
191                <action android:name="androidx.profileinstaller.action.BENCHMARK_OPERATION" />
191-->[androidx.profileinstaller:profileinstaller:1.3.0] AndroidManifest.xml:50:17-95
191-->[androidx.profileinstaller:profileinstaller:1.3.0] AndroidManifest.xml:50:25-92
192            </intent-filter>
193        </receiver>
194    </application>
195
196</manifest>